<?xml version="1.0" encoding="UTF-8"?>
<testsuite xmlns:xsi="http://www.w3.org/2001/XMLSchema-instance" xsi:noNamespaceSchemaLocation="https://maven.apache.org/surefire/maven-surefire-plugin/xsd/surefire-test-report-3.0.xsd" version="3.0" name="org.example.testRunner.TestRunner" time="1.434" tests="1" errors="0" skipped="0" failures="1">
  <properties>
[...]
</properties>
  <testcase name="setUpClass" classname="org.example.testRunner.TestRunner" time="1.176">
    <failure message="&apos;java.util.stream.Stream io.cucumber.gherkin.GherkinParser.parse(java.lang.String, java.io.InputStream)&apos;" type="java.lang.NoSuchMethodError">java.lang.NoSuchMethodError: 'java.util.stream.Stream io.cucumber.gherkin.GherkinParser.parse(java.lang.String, java.io.InputStream)'
</failure>
    <system-err><![CDATA[SLF4J: Failed to load class "org.slf4j.impl.StaticLoggerBinder".
SLF4J: Defaulting to no-operation (NOP) logger implementation
SLF4J: See http://www.slf4j.org/codes.html#StaticLoggerBinder for further details.
]]></system-err>
  </testcase>
</testsuite>